<?xml version="1.0" encoding="UTF-8"?>
<testng-results skipped="0" failed="0" ignored="0" total="5" passed="5">
  <reporter-output>
  </reporter-output>
  <suite name="Search-Module" duration-ms="240050" started-at="2021-01-14T23:36:26Z" finished-at="2021-01-14T23:40:26Z">
    <groups>
    </groups>
    <test name="search-test-java" duration-ms="60931" started-at="2021-01-14T23:36:26Z" finished-at="2021-01-14T23:37:27Z">
      <class name="searchmodule.tests.SearchModuleTest">
        <test-method status="PASS" signature="setupDriver()[pri:0, instance:searchmodule.tests.SearchModuleTest@2a18f23c]" name="setupDriver" is-config="true" duration-ms="29120" started-at="2021-01-14T23:36:26Z" finished-at="2021-01-14T23:36:55Z">
          <reporter-output>
          </reporter-output>
        </test-method> <!-- setupDriver -->
        <test-method status="PASS" signature="searchTest(java.lang.String)[pri:0, instance:searchmodule.tests.SearchModuleTest@2a18f23c]" name="searchTest" duration-ms="30960" started-at="2021-01-14T23:36:55Z" finished-at="2021-01-14T23:37:26Z">
          <params>
            <param index="0">
              <value>
                <![CDATA[java]]>
              </value>
            </param>
          </params>
          <reporter-output>
          </reporter-output>
        </test-method> <!-- searchTest -->
        <test-method status="PASS" signature="tearDown()[pri:0, instance:searchmodule.tests.SearchModuleTest@2a18f23c]" name="tearDown" is-config="true" duration-ms="704" started-at="2021-01-14T23:37:26Z" finished-at="2021-01-14T23:37:27Z">
          <reporter-output>
          </reporter-output>
        </test-method> <!-- tearDown -->
      </class> <!-- searchmodule.tests.SearchModuleTest -->
    </test> <!-- search-test-java -->
    <test name="search-test-qa" duration-ms="149178" started-at="2021-01-14T23:37:28Z" finished-at="2021-01-14T23:39:57Z">
      <class name="searchmodule.tests.SearchModuleTest">
        <test-method status="PASS" signature="setupDriver()[pri:0, instance:searchmodule.tests.SearchModuleTest@129a8472]" name="setupDriver" is-config="true" duration-ms="142281" started-at="2021-01-14T23:37:28Z" finished-at="2021-01-14T23:39:50Z">
          <reporter-output>
          </reporter-output>
        </test-method> <!-- setupDriver -->
        <test-method status="PASS" signature="searchTest(java.lang.String)[pri:0, instance:searchmodule.tests.SearchModuleTest@129a8472]" name="searchTest" duration-ms="6697" started-at="2021-01-14T23:39:50Z" finished-at="2021-01-14T23:39:57Z">
          <params>
            <param index="0">
              <value>
                <![CDATA[qa]]>
              </value>
            </param>
          </params>
          <reporter-output>
          </reporter-output>
        </test-method> <!-- searchTest -->
        <test-method status="PASS" signature="tearDown()[pri:0, instance:searchmodule.tests.SearchModuleTest@129a8472]" name="tearDown" is-config="true" duration-ms="127" started-at="2021-01-14T23:39:57Z" finished-at="2021-01-14T23:39:57Z">
          <reporter-output>
          </reporter-output>
        </test-method> <!-- tearDown -->
      </class> <!-- searchmodule.tests.SearchModuleTest -->
    </test> <!-- search-test-qa -->
    <test name="search-test-webdriver" duration-ms="9051" started-at="2021-01-14T23:39:57Z" finished-at="2021-01-14T23:40:06Z">
      <class name="searchmodule.tests.SearchModuleTest">
        <test-method status="PASS" signature="setupDriver()[pri:0, instance:searchmodule.tests.SearchModuleTest@2752f6e2]" name="setupDriver" is-config="true" duration-ms="2726" started-at="2021-01-14T23:39:57Z" finished-at="2021-01-14T23:40:00Z">
          <reporter-output>
          </reporter-output>
        </test-method> <!-- setupDriver -->
        <test-method status="PASS" signature="searchTest(java.lang.String)[pri:0, instance:searchmodule.tests.SearchModuleTest@2752f6e2]" name="searchTest" duration-ms="6245" started-at="2021-01-14T23:40:00Z" finished-at="2021-01-14T23:40:06Z">
          <params>
            <param index="0">
              <value>
                <![CDATA[webdriver]]>
              </value>
            </param>
          </params>
          <reporter-output>
          </reporter-output>
        </test-method> <!-- searchTest -->
        <test-method status="PASS" signature="tearDown()[pri:0, instance:searchmodule.tests.SearchModuleTest@2752f6e2]" name="tearDown" is-config="true" duration-ms="75" started-at="2021-01-14T23:40:06Z" finished-at="2021-01-14T23:40:06Z">
          <reporter-output>
          </reporter-output>
        </test-method> <!-- tearDown -->
      </class> <!-- searchmodule.tests.SearchModuleTest -->
    </test> <!-- search-test-webdriver -->
    <test name="search-test-docker" duration-ms="9786" started-at="2021-01-14T23:40:06Z" finished-at="2021-01-14T23:40:16Z">
      <class name="searchmodule.tests.SearchModuleTest">
        <test-method status="PASS" signature="setupDriver()[pri:0, instance:searchmodule.tests.SearchModuleTest@1d251891]" name="setupDriver" is-config="true" duration-ms="1901" started-at="2021-01-14T23:40:06Z" finished-at="2021-01-14T23:40:08Z">
          <reporter-output>
          </reporter-output>
        </test-method> <!-- setupDriver -->
        <test-method status="PASS" signature="searchTest(java.lang.String)[pri:0, instance:searchmodule.tests.SearchModuleTest@1d251891]" name="searchTest" duration-ms="7746" started-at="2021-01-14T23:40:08Z" finished-at="2021-01-14T23:40:16Z">
          <params>
            <param index="0">
              <value>
                <![CDATA[docker]]>
              </value>
            </param>
          </params>
          <reporter-output>
          </reporter-output>
        </test-method> <!-- searchTest -->
        <test-method status="PASS" signature="tearDown()[pri:0, instance:searchmodule.tests.SearchModuleTest@1d251891]" name="tearDown" is-config="true" duration-ms="136" started-at="2021-01-14T23:40:16Z" finished-at="2021-01-14T23:40:16Z">
          <reporter-output>
          </reporter-output>
        </test-method> <!-- tearDown -->
      </class> <!-- searchmodule.tests.SearchModuleTest -->
    </test> <!-- search-test-docker -->
    <test name="search-test-kubernetes" duration-ms="9871" started-at="2021-01-14T23:40:16Z" finished-at="2021-01-14T23:40:26Z">
      <class name="searchmodule.tests.SearchModuleTest">
        <test-method status="PASS" signature="setupDriver()[pri:0, instance:searchmodule.tests.SearchModuleTest@43a25848]" name="setupDriver" is-config="true" duration-ms="2554" started-at="2021-01-14T23:40:16Z" finished-at="2021-01-14T23:40:19Z">
          <reporter-output>
          </reporter-output>
        </test-method> <!-- setupDriver -->
        <test-method status="PASS" signature="searchTest(java.lang.String)[pri:0, instance:searchmodule.tests.SearchModuleTest@43a25848]" name="searchTest" duration-ms="7077" started-at="2021-01-14T23:40:19Z" finished-at="2021-01-14T23:40:26Z">
          <params>
            <param index="0">
              <value>
                <![CDATA[kubernetes]]>
              </value>
            </param>
          </params>
          <reporter-output>
          </reporter-output>
        </test-method> <!-- searchTest -->
        <test-method status="PASS" signature="tearDown()[pri:0, instance:searchmodule.tests.SearchModuleTest@43a25848]" name="tearDown" is-config="true" duration-ms="238" started-at="2021-01-14T23:40:26Z" finished-at="2021-01-14T23:40:26Z">
          <reporter-output>
          </reporter-output>
        </test-method> <!-- tearDown -->
      </class> <!-- searchmodule.tests.SearchModuleTest -->
    </test> <!-- search-test-kubernetes -->
  </suite> <!-- Search-Module -->
</testng-results>
