<?xml version="1.0" encoding="UTF-8"?>
<testng-results skipped="0" failed="0" ignored="0" total="20" passed="20">
  <reporter-output>
  </reporter-output>
  <suite name="book-flight-module" duration-ms="92210" started-at="2021-01-14T23:24:11Z" finished-at="2021-01-14T23:25:43Z">
    <groups>
    </groups>
    <test name="book-flight-2" duration-ms="59237" started-at="2021-01-14T23:24:11Z" finished-at="2021-01-14T23:25:10Z">
      <class name="com.newtours.tests.BookFlightTest">
        <test-method status="PASS" signature="setupDriver()[pri:0, instance:com.newtours.tests.BookFlightTest@6b71769e]" name="setupDriver" is-config="true" duration-ms="21011" started-at="2021-01-14T23:24:11Z" finished-at="2021-01-14T23:24:32Z">
          <reporter-output>
          </reporter-output>
        </test-method> <!-- setupDriver -->
        <test-method status="PASS" signature="setupParameters(java.lang.String, java.lang.String)[pri:0, instance:com.newtours.tests.BookFlightTest@6b71769e]" name="setupParameters" is-config="true" duration-ms="722" started-at="2021-01-14T23:24:32Z" depends-on-methods="tests.BaseTest.setupDriver" finished-at="2021-01-14T23:24:33Z">
          <params>
            <param index="0">
              <value>
                <![CDATA[2]]>
              </value>
            </param>
            <param index="1">
              <value>
                <![CDATA[$1169 USD]]>
              </value>
            </param>
          </params>
          <reporter-output>
          </reporter-output>
        </test-method> <!-- setupParameters -->
        <test-method status="PASS" signature="registrationPageTest()[pri:0, instance:com.newtours.tests.BookFlightTest@6b71769e]" name="registrationPageTest" duration-ms="31634" started-at="2021-01-14T23:24:33Z" finished-at="2021-01-14T23:25:05Z">
          <reporter-output>
          </reporter-output>
        </test-method> <!-- registrationPageTest -->
        <test-method status="PASS" signature="registrationConfirmationPageTest()[pri:0, instance:com.newtours.tests.BookFlightTest@6b71769e]" name="registrationConfirmationPageTest" duration-ms="977" started-at="2021-01-14T23:25:05Z" depends-on-methods="com.newtours.tests.BookFlightTest.registrationPageTest" finished-at="2021-01-14T23:25:06Z">
          <reporter-output>
          </reporter-output>
        </test-method> <!-- registrationConfirmationPageTest -->
        <test-method status="PASS" signature="flightDetailsPageTest()[pri:0, instance:com.newtours.tests.BookFlightTest@6b71769e]" name="flightDetailsPageTest" duration-ms="2288" started-at="2021-01-14T23:25:06Z" depends-on-methods="com.newtours.tests.BookFlightTest.registrationConfirmationPageTest" finished-at="2021-01-14T23:25:08Z">
          <reporter-output>
          </reporter-output>
        </test-method> <!-- flightDetailsPageTest -->
        <test-method status="PASS" signature="findFlightPageTest()[pri:0, instance:com.newtours.tests.BookFlightTest@6b71769e]" name="findFlightPageTest" duration-ms="814" started-at="2021-01-14T23:25:08Z" depends-on-methods="com.newtours.tests.BookFlightTest.flightDetailsPageTest" finished-at="2021-01-14T23:25:09Z">
          <reporter-output>
          </reporter-output>
        </test-method> <!-- findFlightPageTest -->
        <test-method status="PASS" signature="flightConfirmationPageTest()[pri:0, instance:com.newtours.tests.BookFlightTest@6b71769e]" name="flightConfirmationPageTest" duration-ms="963" started-at="2021-01-14T23:25:09Z" depends-on-methods="com.newtours.tests.BookFlightTest.findFlightPageTest" finished-at="2021-01-14T23:25:10Z">
          <reporter-output>
          </reporter-output>
        </test-method> <!-- flightConfirmationPageTest -->
        <test-method status="PASS" signature="tearDown()[pri:0, instance:com.newtours.tests.BookFlightTest@6b71769e]" name="tearDown" is-config="true" duration-ms="353" started-at="2021-01-14T23:25:10Z" finished-at="2021-01-14T23:25:10Z">
          <reporter-output>
          </reporter-output>
        </test-method> <!-- tearDown -->
      </class> <!-- com.newtours.tests.BookFlightTest -->
    </test> <!-- book-flight-2 -->
    <test name="book-flight-1" duration-ms="70541" started-at="2021-01-14T23:24:11Z" finished-at="2021-01-14T23:25:22Z">
      <class name="com.newtours.tests.BookFlightTest">
        <test-method status="PASS" signature="setupDriver()[pri:0, instance:com.newtours.tests.BookFlightTest@16c0663d]" name="setupDriver" is-config="true" duration-ms="62802" started-at="2021-01-14T23:24:11Z" finished-at="2021-01-14T23:25:14Z">
          <reporter-output>
          </reporter-output>
        </test-method> <!-- setupDriver -->
        <test-method status="PASS" signature="setupParameters(java.lang.String, java.lang.String)[pri:0, instance:com.newtours.tests.BookFlightTest@16c0663d]" name="setupParameters" is-config="true" duration-ms="3" started-at="2021-01-14T23:25:14Z" depends-on-methods="tests.BaseTest.setupDriver" finished-at="2021-01-14T23:25:14Z">
          <params>
            <param index="0">
              <value>
                <![CDATA[1]]>
              </value>
            </param>
            <param index="1">
              <value>
                <![CDATA[$584 USD]]>
              </value>
            </param>
          </params>
          <reporter-output>
          </reporter-output>
        </test-method> <!-- setupParameters -->
        <test-method status="PASS" signature="registrationPageTest()[pri:0, instance:com.newtours.tests.BookFlightTest@16c0663d]" name="registrationPageTest" duration-ms="4397" started-at="2021-01-14T23:25:14Z" finished-at="2021-01-14T23:25:18Z">
          <reporter-output>
          </reporter-output>
        </test-method> <!-- registrationPageTest -->
        <test-method status="PASS" signature="registrationConfirmationPageTest()[pri:0, instance:com.newtours.tests.BookFlightTest@16c0663d]" name="registrationConfirmationPageTest" duration-ms="293" started-at="2021-01-14T23:25:18Z" depends-on-methods="com.newtours.tests.BookFlightTest.registrationPageTest" finished-at="2021-01-14T23:25:19Z">
          <reporter-output>
          </reporter-output>
        </test-method> <!-- registrationConfirmationPageTest -->
        <test-method status="PASS" signature="flightDetailsPageTest()[pri:0, instance:com.newtours.tests.BookFlightTest@16c0663d]" name="flightDetailsPageTest" duration-ms="1737" started-at="2021-01-14T23:25:19Z" depends-on-methods="com.newtours.tests.BookFlightTest.registrationConfirmationPageTest" finished-at="2021-01-14T23:25:20Z">
          <reporter-output>
          </reporter-output>
        </test-method> <!-- flightDetailsPageTest -->
        <test-method status="PASS" signature="findFlightPageTest()[pri:0, instance:com.newtours.tests.BookFlightTest@16c0663d]" name="findFlightPageTest" duration-ms="687" started-at="2021-01-14T23:25:20Z" depends-on-methods="com.newtours.tests.BookFlightTest.flightDetailsPageTest" finished-at="2021-01-14T23:25:21Z">
          <reporter-output>
          </reporter-output>
        </test-method> <!-- findFlightPageTest -->
        <test-method status="PASS" signature="flightConfirmationPageTest()[pri:0, instance:com.newtours.tests.BookFlightTest@16c0663d]" name="flightConfirmationPageTest" duration-ms="548" started-at="2021-01-14T23:25:21Z" depends-on-methods="com.newtours.tests.BookFlightTest.findFlightPageTest" finished-at="2021-01-14T23:25:22Z">
          <reporter-output>
          </reporter-output>
        </test-method> <!-- flightConfirmationPageTest -->
        <test-method status="PASS" signature="tearDown()[pri:0, instance:com.newtours.tests.BookFlightTest@16c0663d]" name="tearDown" is-config="true" duration-ms="65" started-at="2021-01-14T23:25:22Z" finished-at="2021-01-14T23:25:22Z">
          <reporter-output>
          </reporter-output>
        </test-method> <!-- tearDown -->
      </class> <!-- com.newtours.tests.BookFlightTest -->
    </test> <!-- book-flight-1 -->
    <test name="book-flight-4" duration-ms="81552" started-at="2021-01-14T23:24:11Z" finished-at="2021-01-14T23:25:33Z">
      <class name="com.newtours.tests.BookFlightTest">
        <test-method status="PASS" signature="setupDriver()[pri:0, instance:com.newtours.tests.BookFlightTest@1e643faf]" name="setupDriver" is-config="true" duration-ms="72060" started-at="2021-01-14T23:24:11Z" finished-at="2021-01-14T23:25:23Z">
          <reporter-output>
          </reporter-output>
        </test-method> <!-- setupDriver -->
        <test-method status="PASS" signature="setupParameters(java.lang.String, java.lang.String)[pri:0, instance:com.newtours.tests.BookFlightTest@1e643faf]" name="setupParameters" is-config="true" duration-ms="0" started-at="2021-01-14T23:25:23Z" depends-on-methods="tests.BaseTest.setupDriver" finished-at="2021-01-14T23:25:23Z">
          <params>
            <param index="0">
              <value>
                <![CDATA[4]]>
              </value>
            </param>
            <param index="1">
              <value>
                <![CDATA[$2338 USD]]>
              </value>
            </param>
          </params>
          <reporter-output>
          </reporter-output>
        </test-method> <!-- setupParameters -->
        <test-method status="PASS" signature="registrationPageTest()[pri:0, instance:com.newtours.tests.BookFlightTest@1e643faf]" name="registrationPageTest" duration-ms="3419" started-at="2021-01-14T23:25:23Z" finished-at="2021-01-14T23:25:27Z">
          <reporter-output>
          </reporter-output>
        </test-method> <!-- registrationPageTest -->
        <test-method status="PASS" signature="registrationConfirmationPageTest()[pri:0, instance:com.newtours.tests.BookFlightTest@1e643faf]" name="registrationConfirmationPageTest" duration-ms="331" started-at="2021-01-14T23:25:27Z" depends-on-methods="com.newtours.tests.BookFlightTest.registrationPageTest" finished-at="2021-01-14T23:25:27Z">
          <reporter-output>
          </reporter-output>
        </test-method> <!-- registrationConfirmationPageTest -->
        <test-method status="PASS" signature="flightDetailsPageTest()[pri:0, instance:com.newtours.tests.BookFlightTest@1e643faf]" name="flightDetailsPageTest" duration-ms="2802" started-at="2021-01-14T23:25:27Z" depends-on-methods="com.newtours.tests.BookFlightTest.registrationConfirmationPageTest" finished-at="2021-01-14T23:25:30Z">
          <reporter-output>
          </reporter-output>
        </test-method> <!-- flightDetailsPageTest -->
        <test-method status="PASS" signature="findFlightPageTest()[pri:0, instance:com.newtours.tests.BookFlightTest@1e643faf]" name="findFlightPageTest" duration-ms="1646" started-at="2021-01-14T23:25:30Z" depends-on-methods="com.newtours.tests.BookFlightTest.flightDetailsPageTest" finished-at="2021-01-14T23:25:31Z">
          <reporter-output>
          </reporter-output>
        </test-method> <!-- findFlightPageTest -->
        <test-method status="PASS" signature="flightConfirmationPageTest()[pri:0, instance:com.newtours.tests.BookFlightTest@1e643faf]" name="flightConfirmationPageTest" duration-ms="1197" started-at="2021-01-14T23:25:31Z" depends-on-methods="com.newtours.tests.BookFlightTest.findFlightPageTest" finished-at="2021-01-14T23:25:33Z">
          <reporter-output>
          </reporter-output>
        </test-method> <!-- flightConfirmationPageTest -->
        <test-method status="PASS" signature="tearDown()[pri:0, instance:com.newtours.tests.BookFlightTest@1e643faf]" name="tearDown" is-config="true" duration-ms="90" started-at="2021-01-14T23:25:33Z" finished-at="2021-01-14T23:25:33Z">
          <reporter-output>
          </reporter-output>
        </test-method> <!-- tearDown -->
      </class> <!-- com.newtours.tests.BookFlightTest -->
    </test> <!-- book-flight-4 -->
    <test name="Book flight-3" duration-ms="92203" started-at="2021-01-14T23:24:11Z" finished-at="2021-01-14T23:25:43Z">
      <class name="com.newtours.tests.BookFlightTest">
        <test-method status="PASS" signature="setupDriver()[pri:0, instance:com.newtours.tests.BookFlightTest@58ceff1]" name="setupDriver" is-config="true" duration-ms="83937" started-at="2021-01-14T23:24:11Z" finished-at="2021-01-14T23:25:35Z">
          <reporter-output>
          </reporter-output>
        </test-method> <!-- setupDriver -->
        <test-method status="PASS" signature="setupParameters(java.lang.String, java.lang.String)[pri:0, instance:com.newtours.tests.BookFlightTest@58ceff1]" name="setupParameters" is-config="true" duration-ms="1" started-at="2021-01-14T23:25:35Z" depends-on-methods="tests.BaseTest.setupDriver" finished-at="2021-01-14T23:25:35Z">
          <params>
            <param index="0">
              <value>
                <![CDATA[3]]>
              </value>
            </param>
            <param index="1">
              <value>
                <![CDATA[$1753 USD]]>
              </value>
            </param>
          </params>
          <reporter-output>
          </reporter-output>
        </test-method> <!-- setupParameters -->
        <test-method status="PASS" signature="registrationPageTest()[pri:0, instance:com.newtours.tests.BookFlightTest@58ceff1]" name="registrationPageTest" duration-ms="4566" started-at="2021-01-14T23:25:35Z" finished-at="2021-01-14T23:25:40Z">
          <reporter-output>
          </reporter-output>
        </test-method> <!-- registrationPageTest -->
        <test-method status="PASS" signature="registrationConfirmationPageTest()[pri:0, instance:com.newtours.tests.BookFlightTest@58ceff1]" name="registrationConfirmationPageTest" duration-ms="363" started-at="2021-01-14T23:25:40Z" depends-on-methods="com.newtours.tests.BookFlightTest.registrationPageTest" finished-at="2021-01-14T23:25:40Z">
          <reporter-output>
          </reporter-output>
        </test-method> <!-- registrationConfirmationPageTest -->
        <test-method status="PASS" signature="flightDetailsPageTest()[pri:0, instance:com.newtours.tests.BookFlightTest@58ceff1]" name="flightDetailsPageTest" duration-ms="1946" started-at="2021-01-14T23:25:40Z" depends-on-methods="com.newtours.tests.BookFlightTest.registrationConfirmationPageTest" finished-at="2021-01-14T23:25:42Z">
          <reporter-output>
          </reporter-output>
        </test-method> <!-- flightDetailsPageTest -->
        <test-method status="PASS" signature="findFlightPageTest()[pri:0, instance:com.newtours.tests.BookFlightTest@58ceff1]" name="findFlightPageTest" duration-ms="699" started-at="2021-01-14T23:25:42Z" depends-on-methods="com.newtours.tests.BookFlightTest.flightDetailsPageTest" finished-at="2021-01-14T23:25:43Z">
          <reporter-output>
          </reporter-output>
        </test-method> <!-- findFlightPageTest -->
        <test-method status="PASS" signature="flightConfirmationPageTest()[pri:0, instance:com.newtours.tests.BookFlightTest@58ceff1]" name="flightConfirmationPageTest" duration-ms="605" started-at="2021-01-14T23:25:43Z" depends-on-methods="com.newtours.tests.BookFlightTest.findFlightPageTest" finished-at="2021-01-14T23:25:43Z">
          <reporter-output>
          </reporter-output>
        </test-method> <!-- flightConfirmationPageTest -->
        <test-method status="PASS" signature="tearDown()[pri:0, instance:com.newtours.tests.BookFlightTest@58ceff1]" name="tearDown" is-config="true" duration-ms="62" started-at="2021-01-14T23:25:43Z" finished-at="2021-01-14T23:25:43Z">
          <reporter-output>
          </reporter-output>
        </test-method> <!-- tearDown -->
      </class> <!-- com.newtours.tests.BookFlightTest -->
    </test> <!-- Book flight-3 -->
  </suite> <!-- book-flight-module -->
</testng-results>
