<?xml version="1.0" encoding="UTF-8"?>
<testng-results skipped="0" failed="0" ignored="0" total="20" passed="20">
  <reporter-output>
  </reporter-output>
  <suite name="book-flight-module" duration-ms="198907" started-at="2021-01-14T23:36:26Z" finished-at="2021-01-14T23:39:45Z">
    <groups>
    </groups>
    <test name="book-flight-2" duration-ms="180625" started-at="2021-01-14T23:36:26Z" finished-at="2021-01-14T23:39:27Z">
      <class name="com.newtours.tests.BookFlightTest">
        <test-method status="PASS" signature="setupDriver()[pri:0, instance:com.newtours.tests.BookFlightTest@6b71769e]" name="setupDriver" is-config="true" duration-ms="163670" started-at="2021-01-14T23:36:26Z" finished-at="2021-01-14T23:39:10Z">
          <reporter-output>
          </reporter-output>
        </test-method> <!-- setupDriver -->
        <test-method status="PASS" signature="setupParameters(java.lang.String, java.lang.String)[pri:0, instance:com.newtours.tests.BookFlightTest@6b71769e]" name="setupParameters" is-config="true" duration-ms="42" started-at="2021-01-14T23:39:10Z" depends-on-methods="tests.BaseTest.setupDriver" finished-at="2021-01-14T23:39:10Z">
          <params>
            <param index="0">
              <value>
                <![CDATA[2]]>
              </value>
            </param>
            <param index="1">
              <value>
                <![CDATA[$1169 USD]]>
              </value>
            </param>
          </params>
          <reporter-output>
          </reporter-output>
        </test-method> <!-- setupParameters -->
        <test-method status="PASS" signature="registrationPageTest()[pri:0, instance:com.newtours.tests.BookFlightTest@6b71769e]" name="registrationPageTest" duration-ms="10796" started-at="2021-01-14T23:39:10Z" finished-at="2021-01-14T23:39:21Z">
          <reporter-output>
          </reporter-output>
        </test-method> <!-- registrationPageTest -->
        <test-method status="PASS" signature="registrationConfirmationPageTest()[pri:0, instance:com.newtours.tests.BookFlightTest@6b71769e]" name="registrationConfirmationPageTest" duration-ms="1260" started-at="2021-01-14T23:39:21Z" depends-on-methods="com.newtours.tests.BookFlightTest.registrationPageTest" finished-at="2021-01-14T23:39:22Z">
          <reporter-output>
          </reporter-output>
        </test-method> <!-- registrationConfirmationPageTest -->
        <test-method status="PASS" signature="flightDetailsPageTest()[pri:0, instance:com.newtours.tests.BookFlightTest@6b71769e]" name="flightDetailsPageTest" duration-ms="2179" started-at="2021-01-14T23:39:22Z" depends-on-methods="com.newtours.tests.BookFlightTest.registrationConfirmationPageTest" finished-at="2021-01-14T23:39:24Z">
          <reporter-output>
          </reporter-output>
        </test-method> <!-- flightDetailsPageTest -->
        <test-method status="PASS" signature="findFlightPageTest()[pri:0, instance:com.newtours.tests.BookFlightTest@6b71769e]" name="findFlightPageTest" duration-ms="1058" started-at="2021-01-14T23:39:24Z" depends-on-methods="com.newtours.tests.BookFlightTest.flightDetailsPageTest" finished-at="2021-01-14T23:39:25Z">
          <reporter-output>
          </reporter-output>
        </test-method> <!-- findFlightPageTest -->
        <test-method status="PASS" signature="flightConfirmationPageTest()[pri:0, instance:com.newtours.tests.BookFlightTest@6b71769e]" name="flightConfirmationPageTest" duration-ms="1106" started-at="2021-01-14T23:39:25Z" depends-on-methods="com.newtours.tests.BookFlightTest.findFlightPageTest" finished-at="2021-01-14T23:39:26Z">
          <reporter-output>
          </reporter-output>
        </test-method> <!-- flightConfirmationPageTest -->
        <test-method status="PASS" signature="tearDown()[pri:0, instance:com.newtours.tests.BookFlightTest@6b71769e]" name="tearDown" is-config="true" duration-ms="376" started-at="2021-01-14T23:39:26Z" finished-at="2021-01-14T23:39:27Z">
          <reporter-output>
          </reporter-output>
        </test-method> <!-- tearDown -->
      </class> <!-- com.newtours.tests.BookFlightTest -->
    </test> <!-- book-flight-2 -->
    <test name="Book flight-3" duration-ms="180623" started-at="2021-01-14T23:36:26Z" finished-at="2021-01-14T23:39:27Z">
      <class name="com.newtours.tests.BookFlightTest">
        <test-method status="PASS" signature="setupDriver()[pri:0, instance:com.newtours.tests.BookFlightTest@58ceff1]" name="setupDriver" is-config="true" duration-ms="163676" started-at="2021-01-14T23:36:26Z" finished-at="2021-01-14T23:39:10Z">
          <reporter-output>
          </reporter-output>
        </test-method> <!-- setupDriver -->
        <test-method status="PASS" signature="setupParameters(java.lang.String, java.lang.String)[pri:0, instance:com.newtours.tests.BookFlightTest@58ceff1]" name="setupParameters" is-config="true" duration-ms="42" started-at="2021-01-14T23:39:10Z" depends-on-methods="tests.BaseTest.setupDriver" finished-at="2021-01-14T23:39:10Z">
          <params>
            <param index="0">
              <value>
                <![CDATA[3]]>
              </value>
            </param>
            <param index="1">
              <value>
                <![CDATA[$1753 USD]]>
              </value>
            </param>
          </params>
          <reporter-output>
          </reporter-output>
        </test-method> <!-- setupParameters -->
        <test-method status="PASS" signature="registrationPageTest()[pri:0, instance:com.newtours.tests.BookFlightTest@58ceff1]" name="registrationPageTest" duration-ms="10697" started-at="2021-01-14T23:39:10Z" finished-at="2021-01-14T23:39:21Z">
          <reporter-output>
          </reporter-output>
        </test-method> <!-- registrationPageTest -->
        <test-method status="PASS" signature="registrationConfirmationPageTest()[pri:0, instance:com.newtours.tests.BookFlightTest@58ceff1]" name="registrationConfirmationPageTest" duration-ms="1322" started-at="2021-01-14T23:39:21Z" depends-on-methods="com.newtours.tests.BookFlightTest.registrationPageTest" finished-at="2021-01-14T23:39:22Z">
          <reporter-output>
          </reporter-output>
        </test-method> <!-- registrationConfirmationPageTest -->
        <test-method status="PASS" signature="flightDetailsPageTest()[pri:0, instance:com.newtours.tests.BookFlightTest@58ceff1]" name="flightDetailsPageTest" duration-ms="2142" started-at="2021-01-14T23:39:22Z" depends-on-methods="com.newtours.tests.BookFlightTest.registrationConfirmationPageTest" finished-at="2021-01-14T23:39:24Z">
          <reporter-output>
          </reporter-output>
        </test-method> <!-- flightDetailsPageTest -->
        <test-method status="PASS" signature="findFlightPageTest()[pri:0, instance:com.newtours.tests.BookFlightTest@58ceff1]" name="findFlightPageTest" duration-ms="1053" started-at="2021-01-14T23:39:24Z" depends-on-methods="com.newtours.tests.BookFlightTest.flightDetailsPageTest" finished-at="2021-01-14T23:39:25Z">
          <reporter-output>
          </reporter-output>
        </test-method> <!-- findFlightPageTest -->
        <test-method status="PASS" signature="flightConfirmationPageTest()[pri:0, instance:com.newtours.tests.BookFlightTest@58ceff1]" name="flightConfirmationPageTest" duration-ms="1115" started-at="2021-01-14T23:39:25Z" depends-on-methods="com.newtours.tests.BookFlightTest.findFlightPageTest" finished-at="2021-01-14T23:39:26Z">
          <reporter-output>
          </reporter-output>
        </test-method> <!-- flightConfirmationPageTest -->
        <test-method status="PASS" signature="tearDown()[pri:0, instance:com.newtours.tests.BookFlightTest@58ceff1]" name="tearDown" is-config="true" duration-ms="371" started-at="2021-01-14T23:39:26Z" finished-at="2021-01-14T23:39:27Z">
          <reporter-output>
          </reporter-output>
        </test-method> <!-- tearDown -->
      </class> <!-- com.newtours.tests.BookFlightTest -->
    </test> <!-- Book flight-3 -->
    <test name="book-flight-1" duration-ms="197841" started-at="2021-01-14T23:36:26Z" finished-at="2021-01-14T23:39:44Z">
      <class name="com.newtours.tests.BookFlightTest">
        <test-method status="PASS" signature="setupDriver()[pri:0, instance:com.newtours.tests.BookFlightTest@16c0663d]" name="setupDriver" is-config="true" duration-ms="188073" started-at="2021-01-14T23:36:26Z" finished-at="2021-01-14T23:39:34Z">
          <reporter-output>
          </reporter-output>
        </test-method> <!-- setupDriver -->
        <test-method status="PASS" signature="registrationPageTest()[pri:0, instance:com.newtours.tests.BookFlightTest@16c0663d]" name="registrationPageTest" duration-ms="5947" started-at="2021-01-14T23:39:34Z" finished-at="2021-01-14T23:39:40Z">
          <reporter-output>
          </reporter-output>
        </test-method> <!-- registrationPageTest -->
        <test-method status="PASS" signature="setupParameters(java.lang.String, java.lang.String)[pri:0, instance:com.newtours.tests.BookFlightTest@16c0663d]" name="setupParameters" is-config="true" duration-ms="0" started-at="2021-01-14T23:39:34Z" depends-on-methods="tests.BaseTest.setupDriver" finished-at="2021-01-14T23:39:34Z">
          <params>
            <param index="0">
              <value>
                <![CDATA[1]]>
              </value>
            </param>
            <param index="1">
              <value>
                <![CDATA[$584 USD]]>
              </value>
            </param>
          </params>
          <reporter-output>
          </reporter-output>
        </test-method> <!-- setupParameters -->
        <test-method status="PASS" signature="registrationConfirmationPageTest()[pri:0, instance:com.newtours.tests.BookFlightTest@16c0663d]" name="registrationConfirmationPageTest" duration-ms="464" started-at="2021-01-14T23:39:40Z" depends-on-methods="com.newtours.tests.BookFlightTest.registrationPageTest" finished-at="2021-01-14T23:39:41Z">
          <reporter-output>
          </reporter-output>
        </test-method> <!-- registrationConfirmationPageTest -->
        <test-method status="PASS" signature="flightDetailsPageTest()[pri:0, instance:com.newtours.tests.BookFlightTest@16c0663d]" name="flightDetailsPageTest" duration-ms="1820" started-at="2021-01-14T23:39:41Z" depends-on-methods="com.newtours.tests.BookFlightTest.registrationConfirmationPageTest" finished-at="2021-01-14T23:39:42Z">
          <reporter-output>
          </reporter-output>
        </test-method> <!-- flightDetailsPageTest -->
        <test-method status="PASS" signature="findFlightPageTest()[pri:0, instance:com.newtours.tests.BookFlightTest@16c0663d]" name="findFlightPageTest" duration-ms="853" started-at="2021-01-14T23:39:42Z" depends-on-methods="com.newtours.tests.BookFlightTest.flightDetailsPageTest" finished-at="2021-01-14T23:39:43Z">
          <reporter-output>
          </reporter-output>
        </test-method> <!-- findFlightPageTest -->
        <test-method status="PASS" signature="flightConfirmationPageTest()[pri:0, instance:com.newtours.tests.BookFlightTest@16c0663d]" name="flightConfirmationPageTest" duration-ms="598" started-at="2021-01-14T23:39:43Z" depends-on-methods="com.newtours.tests.BookFlightTest.findFlightPageTest" finished-at="2021-01-14T23:39:44Z">
          <reporter-output>
          </reporter-output>
        </test-method> <!-- flightConfirmationPageTest -->
        <test-method status="PASS" signature="tearDown()[pri:0, instance:com.newtours.tests.BookFlightTest@16c0663d]" name="tearDown" is-config="true" duration-ms="67" started-at="2021-01-14T23:39:44Z" finished-at="2021-01-14T23:39:44Z">
          <reporter-output>
          </reporter-output>
        </test-method> <!-- tearDown -->
      </class> <!-- com.newtours.tests.BookFlightTest -->
    </test> <!-- book-flight-1 -->
    <test name="book-flight-4" duration-ms="198883" started-at="2021-01-14T23:36:26Z" finished-at="2021-01-14T23:39:45Z">
      <class name="com.newtours.tests.BookFlightTest">
        <test-method status="PASS" signature="setupDriver()[pri:0, instance:com.newtours.tests.BookFlightTest@1e643faf]" name="setupDriver" is-config="true" duration-ms="188159" started-at="2021-01-14T23:36:26Z" finished-at="2021-01-14T23:39:34Z">
          <reporter-output>
          </reporter-output>
        </test-method> <!-- setupDriver -->
        <test-method status="PASS" signature="setupParameters(java.lang.String, java.lang.String)[pri:0, instance:com.newtours.tests.BookFlightTest@1e643faf]" name="setupParameters" is-config="true" duration-ms="1" started-at="2021-01-14T23:39:34Z" depends-on-methods="tests.BaseTest.setupDriver" finished-at="2021-01-14T23:39:34Z">
          <params>
            <param index="0">
              <value>
                <![CDATA[4]]>
              </value>
            </param>
            <param index="1">
              <value>
                <![CDATA[$2338 USD]]>
              </value>
            </param>
          </params>
          <reporter-output>
          </reporter-output>
        </test-method> <!-- setupParameters -->
        <test-method status="PASS" signature="registrationPageTest()[pri:0, instance:com.newtours.tests.BookFlightTest@1e643faf]" name="registrationPageTest" duration-ms="6990" started-at="2021-01-14T23:39:34Z" finished-at="2021-01-14T23:39:41Z">
          <reporter-output>
          </reporter-output>
        </test-method> <!-- registrationPageTest -->
        <test-method status="PASS" signature="registrationConfirmationPageTest()[pri:0, instance:com.newtours.tests.BookFlightTest@1e643faf]" name="registrationConfirmationPageTest" duration-ms="325" started-at="2021-01-14T23:39:41Z" depends-on-methods="com.newtours.tests.BookFlightTest.registrationPageTest" finished-at="2021-01-14T23:39:42Z">
          <reporter-output>
          </reporter-output>
        </test-method> <!-- registrationConfirmationPageTest -->
        <test-method status="PASS" signature="flightDetailsPageTest()[pri:0, instance:com.newtours.tests.BookFlightTest@1e643faf]" name="flightDetailsPageTest" duration-ms="1910" started-at="2021-01-14T23:39:42Z" depends-on-methods="com.newtours.tests.BookFlightTest.registrationConfirmationPageTest" finished-at="2021-01-14T23:39:43Z">
          <reporter-output>
          </reporter-output>
        </test-method> <!-- flightDetailsPageTest -->
        <test-method status="PASS" signature="findFlightPageTest()[pri:0, instance:com.newtours.tests.BookFlightTest@1e643faf]" name="findFlightPageTest" duration-ms="854" started-at="2021-01-14T23:39:43Z" depends-on-methods="com.newtours.tests.BookFlightTest.flightDetailsPageTest" finished-at="2021-01-14T23:39:44Z">
          <reporter-output>
          </reporter-output>
        </test-method> <!-- findFlightPageTest -->
        <test-method status="PASS" signature="flightConfirmationPageTest()[pri:0, instance:com.newtours.tests.BookFlightTest@1e643faf]" name="flightConfirmationPageTest" duration-ms="548" started-at="2021-01-14T23:39:44Z" depends-on-methods="com.newtours.tests.BookFlightTest.findFlightPageTest" finished-at="2021-01-14T23:39:45Z">
          <reporter-output>
          </reporter-output>
        </test-method> <!-- flightConfirmationPageTest -->
        <test-method status="PASS" signature="tearDown()[pri:0, instance:com.newtours.tests.BookFlightTest@1e643faf]" name="tearDown" is-config="true" duration-ms="67" started-at="2021-01-14T23:39:45Z" finished-at="2021-01-14T23:39:45Z">
          <reporter-output>
          </reporter-output>
        </test-method> <!-- tearDown -->
      </class> <!-- com.newtours.tests.BookFlightTest -->
    </test> <!-- book-flight-4 -->
  </suite> <!-- book-flight-module -->
</testng-results>
