<?xml version="1.0" encoding="UTF-8"?>
<testng-results skipped="0" failed="0" ignored="0" total="5" passed="5">
  <reporter-output>
  </reporter-output>
  <suite name="Search-Module" duration-ms="239469" started-at="2021-01-14T23:36:26Z" finished-at="2021-01-14T23:40:25Z">
    <groups>
    </groups>
    <test name="search-test-java" duration-ms="60244" started-at="2021-01-14T23:36:26Z" finished-at="2021-01-14T23:37:26Z">
      <class name="searchmodule.tests.SearchModuleTest">
        <test-method status="PASS" signature="setupDriver()[pri:0, instance:searchmodule.tests.SearchModuleTest@2a18f23c]" name="setupDriver" is-config="true" duration-ms="29100" started-at="2021-01-14T23:36:26Z" finished-at="2021-01-14T23:36:55Z">
          <reporter-output>
          </reporter-output>
        </test-method> <!-- setupDriver -->
        <test-method status="PASS" signature="searchTest(java.lang.String)[pri:0, instance:searchmodule.tests.SearchModuleTest@2a18f23c]" name="searchTest" duration-ms="29148" started-at="2021-01-14T23:36:55Z" finished-at="2021-01-14T23:37:24Z">
          <params>
            <param index="0">
              <value>
                <![CDATA[java]]>
              </value>
            </param>
          </params>
          <reporter-output>
          </reporter-output>
        </test-method> <!-- searchTest -->
        <test-method status="PASS" signature="tearDown()[pri:0, instance:searchmodule.tests.SearchModuleTest@2a18f23c]" name="tearDown" is-config="true" duration-ms="1762" started-at="2021-01-14T23:37:24Z" finished-at="2021-01-14T23:37:26Z">
          <reporter-output>
          </reporter-output>
        </test-method> <!-- tearDown -->
      </class> <!-- searchmodule.tests.SearchModuleTest -->
    </test> <!-- search-test-java -->
    <test name="search-test-qa" duration-ms="148195" started-at="2021-01-14T23:37:28Z" finished-at="2021-01-14T23:39:56Z">
      <class name="searchmodule.tests.SearchModuleTest">
        <test-method status="PASS" signature="setupDriver()[pri:0, instance:searchmodule.tests.SearchModuleTest@129a8472]" name="setupDriver" is-config="true" duration-ms="140522" started-at="2021-01-14T23:37:28Z" finished-at="2021-01-14T23:39:48Z">
          <reporter-output>
          </reporter-output>
        </test-method> <!-- setupDriver -->
        <test-method status="PASS" signature="searchTest(java.lang.String)[pri:0, instance:searchmodule.tests.SearchModuleTest@129a8472]" name="searchTest" duration-ms="7468" started-at="2021-01-14T23:39:48Z" finished-at="2021-01-14T23:39:56Z">
          <params>
            <param index="0">
              <value>
                <![CDATA[qa]]>
              </value>
            </param>
          </params>
          <reporter-output>
          </reporter-output>
        </test-method> <!-- searchTest -->
        <test-method status="PASS" signature="tearDown()[pri:0, instance:searchmodule.tests.SearchModuleTest@129a8472]" name="tearDown" is-config="true" duration-ms="132" started-at="2021-01-14T23:39:56Z" finished-at="2021-01-14T23:39:56Z">
          <reporter-output>
          </reporter-output>
        </test-method> <!-- tearDown -->
      </class> <!-- searchmodule.tests.SearchModuleTest -->
    </test> <!-- search-test-qa -->
    <test name="search-test-webdriver" duration-ms="9152" started-at="2021-01-14T23:39:56Z" finished-at="2021-01-14T23:40:05Z">
      <class name="searchmodule.tests.SearchModuleTest">
        <test-method status="PASS" signature="setupDriver()[pri:0, instance:searchmodule.tests.SearchModuleTest@2752f6e2]" name="setupDriver" is-config="true" duration-ms="2394" started-at="2021-01-14T23:39:56Z" finished-at="2021-01-14T23:39:59Z">
          <reporter-output>
          </reporter-output>
        </test-method> <!-- setupDriver -->
        <test-method status="PASS" signature="searchTest(java.lang.String)[pri:0, instance:searchmodule.tests.SearchModuleTest@2752f6e2]" name="searchTest" duration-ms="6686" started-at="2021-01-14T23:39:59Z" finished-at="2021-01-14T23:40:05Z">
          <params>
            <param index="0">
              <value>
                <![CDATA[webdriver]]>
              </value>
            </param>
          </params>
          <reporter-output>
          </reporter-output>
        </test-method> <!-- searchTest -->
        <test-method status="PASS" signature="tearDown()[pri:0, instance:searchmodule.tests.SearchModuleTest@2752f6e2]" name="tearDown" is-config="true" duration-ms="70" started-at="2021-01-14T23:40:05Z" finished-at="2021-01-14T23:40:05Z">
          <reporter-output>
          </reporter-output>
        </test-method> <!-- tearDown -->
      </class> <!-- searchmodule.tests.SearchModuleTest -->
    </test> <!-- search-test-webdriver -->
    <test name="search-test-docker" duration-ms="9629" started-at="2021-01-14T23:40:05Z" finished-at="2021-01-14T23:40:15Z">
      <class name="searchmodule.tests.SearchModuleTest">
        <test-method status="PASS" signature="setupDriver()[pri:0, instance:searchmodule.tests.SearchModuleTest@1d251891]" name="setupDriver" is-config="true" duration-ms="2045" started-at="2021-01-14T23:40:05Z" finished-at="2021-01-14T23:40:07Z">
          <reporter-output>
          </reporter-output>
        </test-method> <!-- setupDriver -->
        <test-method status="PASS" signature="searchTest(java.lang.String)[pri:0, instance:searchmodule.tests.SearchModuleTest@1d251891]" name="searchTest" duration-ms="7246" started-at="2021-01-14T23:40:07Z" finished-at="2021-01-14T23:40:15Z">
          <params>
            <param index="0">
              <value>
                <![CDATA[docker]]>
              </value>
            </param>
          </params>
          <reporter-output>
          </reporter-output>
        </test-method> <!-- searchTest -->
        <test-method status="PASS" signature="tearDown()[pri:0, instance:searchmodule.tests.SearchModuleTest@1d251891]" name="tearDown" is-config="true" duration-ms="323" started-at="2021-01-14T23:40:15Z" finished-at="2021-01-14T23:40:15Z">
          <reporter-output>
          </reporter-output>
        </test-method> <!-- tearDown -->
      </class> <!-- searchmodule.tests.SearchModuleTest -->
    </test> <!-- search-test-docker -->
    <test name="search-test-kubernetes" duration-ms="10309" started-at="2021-01-14T23:40:15Z" finished-at="2021-01-14T23:40:25Z">
      <class name="searchmodule.tests.SearchModuleTest">
        <test-method status="PASS" signature="setupDriver()[pri:0, instance:searchmodule.tests.SearchModuleTest@43a25848]" name="setupDriver" is-config="true" duration-ms="2094" started-at="2021-01-14T23:40:15Z" finished-at="2021-01-14T23:40:17Z">
          <reporter-output>
          </reporter-output>
        </test-method> <!-- setupDriver -->
        <test-method status="PASS" signature="searchTest(java.lang.String)[pri:0, instance:searchmodule.tests.SearchModuleTest@43a25848]" name="searchTest" duration-ms="8029" started-at="2021-01-14T23:40:17Z" finished-at="2021-01-14T23:40:25Z">
          <params>
            <param index="0">
              <value>
                <![CDATA[kubernetes]]>
              </value>
            </param>
          </params>
          <reporter-output>
          </reporter-output>
        </test-method> <!-- searchTest -->
        <test-method status="PASS" signature="tearDown()[pri:0, instance:searchmodule.tests.SearchModuleTest@43a25848]" name="tearDown" is-config="true" duration-ms="165" started-at="2021-01-14T23:40:25Z" finished-at="2021-01-14T23:40:25Z">
          <reporter-output>
          </reporter-output>
        </test-method> <!-- tearDown -->
      </class> <!-- searchmodule.tests.SearchModuleTest -->
    </test> <!-- search-test-kubernetes -->
  </suite> <!-- Search-Module -->
</testng-results>
